warning: Git tree '/home/amit/dotfiles' is dirty
building the system configuration...
warning: Git tree '/home/amit/dotfiles' is dirty
evaluation warning: amit profile: The option `programs.git.userEmail' defined in `/nix/store/as8ksm9hafq3x3cvml95i5s092903kvk-source/flake.nix' has been renamed to `programs.git.settings.user.email'.
evaluation warning: amit profile: The option `programs.git.userName' defined in `/nix/store/as8ksm9hafq3x3cvml95i5s092903kvk-source/flake.nix' has been renamed to `programs.git.settings.user.name'.
these 13 derivations will be built:
  /nix/store/8sxjy9716ggb7slb5r6lap28s0ma7nnk-hm_ghostty.drv
  /nix/store/c7jijyi75h7wi0b41b1wm3w97bnznm32-hm_niri.drv
  /nix/store/gp29bzxv6q7hjcgz47diamimyns67h73-hm_nvim.drv
  /nix/store/mark3vr4mm11kc14vjny1b4r14q8i0zv-hm_noctalia.drv
  /nix/store/fraq94g2mlh8nrc5assm893xnmq8r49d-home-manager-files.drv
  /nix/store/rk33kwbhqv8yfcri3gdrkqvdp60d0g87-home-manager-generation.drv
  /nix/store/g9zn8w9bf8x2il080asn08h4g23hvdp2-unit-home-manager-amit.service.drv
  /nix/store/b6wgax9ykzfs9yvb4pk0x3mid62z6q5l-unit-script-nixos-upgrade-start.drv
  /nix/store/pgr6sm8fjd3b8gmx0lwvv576p2mb2a04-unit-nixos-upgrade.service.drv
  /nix/store/gb77sbb4glj44b69hin97yz99615q21z-system-units.drv
  /nix/store/cwby11ypjjf4gq0787y7xhgfgigcffgs-etc.drv
  /nix/store/jf8d1yc9hy4lam7nkzgwgj7nc9dclj8d-activate.drv
  /nix/store/7v3ryqkih9dc9b6ra0pg8kd54pa2j9qd-nixos-system-nixos-26.05.20260102.fb7944c.drv
building '/nix/store/b6wgax9ykzfs9yvb4pk0x3mid62z6q5l-unit-script-nixos-upgrade-start.drv'...
building '/nix/store/8sxjy9716ggb7slb5r6lap28s0ma7nnk-hm_ghostty.drv'...
building '/nix/store/c7jijyi75h7wi0b41b1wm3w97bnznm32-hm_niri.drv'...
building '/nix/store/mark3vr4mm11kc14vjny1b4r14q8i0zv-hm_noctalia.drv'...
building '/nix/store/gp29bzxv6q7hjcgz47diamimyns67h73-hm_nvim.drv'...
building '/nix/store/pgr6sm8fjd3b8gmx0lwvv576p2mb2a04-unit-nixos-upgrade.service.drv'...
building '/nix/store/fraq94g2mlh8nrc5assm893xnmq8r49d-home-manager-files.drv'...
building '/nix/store/rk33kwbhqv8yfcri3gdrkqvdp60d0g87-home-manager-generation.drv'...
building '/nix/store/g9zn8w9bf8x2il080asn08h4g23hvdp2-unit-home-manager-amit.service.drv'...
building '/nix/store/gb77sbb4glj44b69hin97yz99615q21z-system-units.drv'...
building '/nix/store/cwby11ypjjf4gq0787y7xhgfgigcffgs-etc.drv'...
building '/nix/store/jf8d1yc9hy4lam7nkzgwgj7nc9dclj8d-activate.drv'...
building '/nix/store/7v3ryqkih9dc9b6ra0pg8kd54pa2j9qd-nixos-system-nixos-26.05.20260102.fb7944c.drv'...
Checking switch inhibitors... done
activating the configuration...
warning: not applying GID change of group ‘docker’ (991 -> 131) in /etc/group
setting up /etc...
reloading user units for amit...
restarting sysinit-reactivation.target
the following new units were started: libvirtd.service, NetworkManager-dispatcher.service
Done. The new configuration is /nix/store/ld76hqk9pxg81yl3pxf656k15f1svvb9-nixos-system-nixos-26.05.20260102.fb7944c
